  Deleting _xlwcppinterface.cpp
  Generating from interface  [cppinterface.h]  boilerplate source file  [ _xlwAutoGenerated\_xlwcppinterface.cpp]
  XLW InterfaceGenerator
  Copyright (c) XLW Project 2006-2020. All Rights Reserved
  file has been read in
  file has been tokenized
  file has been stripped
  file has been function modeled
  file has been function described
   .. writing _xlwAutoGenerated\_xlwcppinterface.cpp
  new file is a vector
  all done
  IF97.cpp
  main.cpp
D:\repo\eeFunction_xll_xlw_DEV\packages\xlw.23.10.12-rc\native\include\xlw\XlfException.h(1,1): warning C4819: The file contains a character that cannot be represented in the current code page (949). Save the file in Unicode format to prevent data loss
D:\repo\eeFunction_xll_xlw_DEV\packages\xlw.23.10.12-rc\native\include\xlw\EXCEL32_API.h(1,1): warning C4819: The file contains a character that cannot be represented in the current code page (949). Save the file in Unicode format to prevent data loss
  _xlwcppinterface.cpp
D:\repo\eeFunction_xll_xlw_DEV\packages\xlw.23.10.12-rc\native\include\xlw\XlfException.h(1,1): warning C4819: The file contains a character that cannot be represented in the current code page (949). Save the file in Unicode format to prevent data loss
D:\repo\eeFunction_xll_xlw_DEV\packages\xlw.23.10.12-rc\native\include\xlw\EXCEL32_API.h(1,1): warning C4819: The file contains a character that cannot be represented in the current code page (949). Save the file in Unicode format to prevent data loss
D:\repo\eeFunction_xll_xlw_DEV\packages\xlw.23.10.12-rc\native\include\xlw\xlw.h(1,1): warning C4819: The file contains a character that cannot be represented in the current code page (949). Save the file in Unicode format to prevent data loss
D:\repo\eeFunction_xll_xlw_DEV\packages\xlw.23.10.12-rc\native\include\xlw\XlfArgDescList.h(1,1): warning C4819: The file contains a character that cannot be represented in the current code page (949). Save the file in Unicode format to prevent data loss
D:\repo\eeFunction_xll_xlw_DEV\packages\xlw.23.10.12-rc\native\include\xlw\XlfArgDesc.h(1,1): warning C4819: The file contains a character that cannot be represented in the current code page (949). Save the file in Unicode format to prevent data loss
D:\repo\eeFunction_xll_xlw_DEV\packages\xlw.23.10.12-rc\native\include\xlw\XlfCmdDesc.h(1,1): warning C4819: The file contains a character that cannot be represented in the current code page (949). Save the file in Unicode format to prevent data loss
D:\repo\eeFunction_xll_xlw_DEV\packages\xlw.23.10.12-rc\native\include\xlw\XlfAbstractCmdDesc.h(1,1): warning C4819: The file contains a character that cannot be represented in the current code page (949). Save the file in Unicode format to prevent data loss
D:\repo\eeFunction_xll_xlw_DEV\packages\xlw.23.10.12-rc\native\include\xlw\XlfFuncDesc.h(1,1): warning C4819: The file contains a character that cannot be represented in the current code page (949). Save the file in Unicode format to prevent data loss
D:\repo\eeFunction_xll_xlw_DEV\packages\xlw.23.10.12-rc\native\include\xlw\TempMemory.h(1,1): warning C4819: The file contains a character that cannot be represented in the current code page (949). Save the file in Unicode format to prevent data loss
D:\repo\eeFunction_xll_xlw_DEV\packages\xlw.23.10.12-rc\native\include\xlw\XlfOper.h(1,1): warning C4819: The file contains a character that cannot be represented in the current code page (949). Save the file in Unicode format to prevent data loss
D:\repo\eeFunction_xll_xlw_DEV\packages\xlw.23.10.12-rc\native\include\xlw\XlfRef.h(1,1): warning C4819: The file contains a character that cannot be represented in the current code page (949). Save the file in Unicode format to prevent data loss
D:\repo\eeFunction_xll_xlw_DEV\packages\xlw.23.10.12-rc\native\include\xlw\XlfRef.inl(1,1): warning C4819: The file contains a character that cannot be represented in the current code page (949). Save the file in Unicode format to prevent data loss
D:\repo\eeFunction_xll_xlw_DEV\packages\xlw.23.10.12-rc\native\include\xlw\macros.h(1,1): warning C4819: The file contains a character that cannot be represented in the current code page (949). Save the file in Unicode format to prevent data loss
LINK : fatal error C1047: The object or library file 'D:\repo\eeFunction_xll_xlw_DEV\packages\xlw.23.10.12-rc\build\..\native\lib\x64\\xlw-vc143-mt-23_10_12.lib' was created by a different version of the compiler than other objects like 'Release\x64\IF97.obj'; rebuild all objects and libraries with the same compiler
LINK : fatal error LNK1257: code generation failed
