  Deleting _xlwcppinterface.cpp
  Generating from interface  [cppinterface.h]  boilerplate source file  [ _xlwAutoGenerated\_xlwcppinterface.cpp]
  XLW InterfaceGenerator
  Copyright (c) XLW Project 2006-2020. All Rights Reserved
  file has been read in
  file has been tokenized
  file has been stripped
  file has been function modeled
  file has been function described
   .. writing _xlwAutoGenerated\_xlwcppinterface.cpp
  new file is a vector
  all done
  main.cpp
  _xlwcppinterface.cpp
  Generating Code...
xlw-vc143-mt-gd-23_10_12.lib(NCmatrices.obj) : error LNK2038: mismatch detected for 'RuntimeLibrary': value 'MDd_DynamicDebug' doesn't match value 'MTd_StaticDebug' in main.obj
xlw-vc143-mt-gd-23_10_12.lib(TempMemory.obj) : error LNK2038: mismatch detected for 'RuntimeLibrary': value 'MDd_DynamicDebug' doesn't match value 'MTd_StaticDebug' in main.obj
xlw-vc143-mt-gd-23_10_12.lib(XlfExcel.obj) : error LNK2038: mismatch detected for 'RuntimeLibrary': value 'MDd_DynamicDebug' doesn't match value 'MTd_StaticDebug' in main.obj
xlw-vc143-mt-gd-23_10_12.lib(PascalStringConversions.obj) : error LNK2038: mismatch detected for 'RuntimeLibrary': value 'MDd_DynamicDebug' doesn't match value 'MTd_StaticDebug' in main.obj
xlw-vc143-mt-gd-23_10_12.lib(XlFunctionRegistration.obj) : error LNK2038: mismatch detected for 'RuntimeLibrary': value 'MDd_DynamicDebug' doesn't match value 'MTd_StaticDebug' in main.obj
xlw-vc143-mt-gd-23_10_12.lib(XlfOperImpl.obj) : error LNK2038: mismatch detected for 'RuntimeLibrary': value 'MDd_DynamicDebug' doesn't match value 'MTd_StaticDebug' in main.obj
xlw-vc143-mt-gd-23_10_12.lib(XlfArgDesc.obj) : error LNK2038: mismatch detected for 'RuntimeLibrary': value 'MDd_DynamicDebug' doesn't match value 'MTd_StaticDebug' in main.obj
xlw-vc143-mt-gd-23_10_12.lib(XlfArgDescList.obj) : error LNK2038: mismatch detected for 'RuntimeLibrary': value 'MDd_DynamicDebug' doesn't match value 'MTd_StaticDebug' in main.obj
xlw-vc143-mt-gd-23_10_12.lib(XlfAbstractCmdDesc.obj) : error LNK2038: mismatch detected for 'RuntimeLibrary': value 'MDd_DynamicDebug' doesn't match value 'MTd_StaticDebug' in main.obj
xlw-vc143-mt-gd-23_10_12.lib(XlfFuncDesc.obj) : error LNK2038: mismatch detected for 'RuntimeLibrary': value 'MDd_DynamicDebug' doesn't match value 'MTd_StaticDebug' in main.obj
xlw-vc143-mt-gd-23_10_12.lib(XlfCmdDesc.obj) : error LNK2038: mismatch detected for 'RuntimeLibrary': value 'MDd_DynamicDebug' doesn't match value 'MTd_StaticDebug' in main.obj
msvcprtd.lib(MSVCP140D.dll) : error LNK2005: "public: __cdecl std::_Lockit::_Lockit(int)" (??0_Lockit@std@@QEAA@H@Z) already defined in libcpmtd.lib(xlock.obj)
msvcprtd.lib(MSVCP140D.dll) : error LNK2005: "public: __cdecl std::_Lockit::~_Lockit(void)" (??1_Lockit@std@@QEAA@XZ) already defined in libcpmtd.lib(xlock.obj)
msvcprtd.lib(MSVCP140D.dll) : error LNK2005: "public: bool __cdecl std::ios_base::good(void)const " (?good@ios_base@std@@QEBA_NXZ) already defined in _xlwcppinterface.obj
msvcprtd.lib(MSVCP140D.dll) : error LNK2005: "public: int __cdecl std::ios_base::flags(void)const " (?flags@ios_base@std@@QEBAHXZ) already defined in _xlwcppinterface.obj
msvcprtd.lib(MSVCP140D.dll) : error LNK2005: "public: __int64 __cdecl std::ios_base::width(void)const " (?width@ios_base@std@@QEBA_JXZ) already defined in _xlwcppinterface.obj
msvcprtd.lib(MSVCP140D.dll) : error LNK2005: "public: __int64 __cdecl std::ios_base::width(__int64)" (?width@ios_base@std@@QEAA_J_J@Z) already defined in _xlwcppinterface.obj
msvcprtd.lib(MSVCP140D.dll) : error LNK2005: "protected: __cdecl std::basic_streambuf<char,struct std::char_traits<char> >::basic_streambuf<char,struct std::char_traits<char> >(void)" (??0?$basic_streambuf@DU?$char_traits@D@std@@@std@@IEAA@XZ) already defined in _xlwcppinterface.obj
msvcprtd.lib(MSVCP140D.dll) : error LNK2005: "public: virtual __cdecl std::basic_streambuf<char,struct std::char_traits<char> >::~basic_streambuf<char,struct std::char_traits<char> >(void)" (??1?$basic_streambuf@DU?$char_traits@D@std@@@std@@UEAA@XZ) already defined in _xlwcppinterface.obj
msvcprtd.lib(MSVCP140D.dll) : error LNK2005: "public: int __cdecl std::basic_streambuf<char,struct std::char_traits<char> >::sputc(char)" (?sputc@?$basic_streambuf@DU?$char_traits@D@std@@@std@@QEAAHD@Z) already defined in _xlwcppinterface.obj
msvcprtd.lib(MSVCP140D.dll) : error LNK2005: "public: __int64 __cdecl std::basic_streambuf<char,struct std::char_traits<char> >::sputn(char const *,__int64)" (?sputn@?$basic_streambuf@DU?$char_traits@D@std@@@std@@QEAA_JPEBD_J@Z) already defined in _xlwcppinterface.obj
msvcprtd.lib(MSVCP140D.dll) : error LNK2005: "protected: char * __cdecl std::basic_streambuf<char,struct std::char_traits<char> >::eback(void)const " (?eback@?$basic_streambuf@DU?$char_traits@D@std@@@std@@IEBAPEADXZ) already defined in _xlwcppinterface.obj
msvcprtd.lib(MSVCP140D.dll) : error LNK2005: "protected: char * __cdecl std::basic_streambuf<char,struct std::char_traits<char> >::gptr(void)const " (?gptr@?$basic_streambuf@DU?$char_traits@D@std@@@std@@IEBAPEADXZ) already defined in _xlwcppinterface.obj
msvcprtd.lib(MSVCP140D.dll) : error LNK2005: "protected: char * __cdecl std::basic_streambuf<char,struct std::char_traits<char> >::pbase(void)const " (?pbase@?$basic_streambuf@DU?$char_traits@D@std@@@std@@IEBAPEADXZ) already defined in _xlwcppinterface.obj
msvcprtd.lib(MSVCP140D.dll) : error LNK2005: "protected: char * __cdecl std::basic_streambuf<char,struct std::char_traits<char> >::pptr(void)const " (?pptr@?$basic_streambuf@DU?$char_traits@D@std@@@std@@IEBAPEADXZ) already defined in _xlwcppinterface.obj
msvcprtd.lib(MSVCP140D.dll) : error LNK2005: "protected: char * __cdecl std::basic_streambuf<char,struct std::char_traits<char> >::egptr(void)const " (?egptr@?$basic_streambuf@DU?$char_traits@D@std@@@std@@IEBAPEADXZ) already defined in _xlwcppinterface.obj
msvcprtd.lib(MSVCP140D.dll) : error LNK2005: "protected: void __cdecl std::basic_streambuf<char,struct std::char_traits<char> >::gbump(int)" (?gbump@?$basic_streambuf@DU?$char_traits@D@std@@@std@@IEAAXH@Z) already defined in _xlwcppinterface.obj
msvcprtd.lib(MSVCP140D.dll) : error LNK2005: "protected: void __cdecl std::basic_streambuf<char,struct std::char_traits<char> >::setg(char *,char *,char *)" (?setg@?$basic_streambuf@DU?$char_traits@D@std@@@std@@IEAAXPEAD00@Z) already defined in _xlwcppinterface.obj
msvcprtd.lib(MSVCP140D.dll) : error LNK2005: "protected: char * __cdecl std::basic_streambuf<char,struct std::char_traits<char> >::epptr(void)const " (?epptr@?$basic_streambuf@DU?$char_traits@D@std@@@std@@IEBAPEADXZ) already defined in _xlwcppinterface.obj
msvcprtd.lib(MSVCP140D.dll) : error LNK2005: "protected: void __cdecl std::basic_streambuf<char,struct std::char_traits<char> >::setp(char *,char *)" (?setp@?$basic_streambuf@DU?$char_traits@D@std@@@std@@IEAAXPEAD0@Z) already defined in _xlwcppinterface.obj
msvcprtd.lib(MSVCP140D.dll) : error LNK2005: "protected: void __cdecl std::basic_streambuf<char,struct std::char_traits<char> >::setp(char *,char *,char *)" (?setp@?$basic_streambuf@DU?$char_traits@D@std@@@std@@IEAAXPEAD00@Z) already defined in _xlwcppinterface.obj
msvcprtd.lib(MSVCP140D.dll) : error LNK2005: "protected: char * __cdecl std::basic_streambuf<char,struct std::char_traits<char> >::_Pninc(void)" (?_Pninc@?$basic_streambuf@DU?$char_traits@D@std@@@std@@IEAAPEADXZ) already defined in _xlwcppinterface.obj
msvcprtd.lib(MSVCP140D.dll) : error LNK2005: "public: virtual __cdecl std::basic_ios<char,struct std::char_traits<char> >::~basic_ios<char,struct std::char_traits<char> >(void)" (??1?$basic_ios@DU?$char_traits@D@std@@@std@@UEAA@XZ) already defined in _xlwcppinterface.obj
msvcprtd.lib(MSVCP140D.dll) : error LNK2005: "public: void __cdecl std::basic_ios<char,struct std::char_traits<char> >::setstate(int,bool)" (?setstate@?$basic_ios@DU?$char_traits@D@std@@@std@@QEAAXH_N@Z) already defined in _xlwcppinterface.obj
msvcprtd.lib(MSVCP140D.dll) : error LNK2005: "public: class std::basic_ostream<char,struct std::char_traits<char> > * __cdecl std::basic_ios<char,struct std::char_traits<char> >::tie(void)const " (?tie@?$basic_ios@DU?$char_traits@D@std@@@std@@QEBAPEAV?$basic_ostream@DU?$char_traits@D@std@@@2@XZ) already defined in _xlwcppinterface.obj
msvcprtd.lib(MSVCP140D.dll) : error LNK2005: "public: class std::basic_streambuf<char,struct std::char_traits<char> > * __cdecl std::basic_ios<char,struct std::char_traits<char> >::rdbuf(void)const " (?rdbuf@?$basic_ios@DU?$char_traits@D@std@@@std@@QEBAPEAV?$basic_streambuf@DU?$char_traits@D@std@@@2@XZ) already defined in _xlwcppinterface.obj
msvcprtd.lib(MSVCP140D.dll) : error LNK2005: "public: char __cdecl std::basic_ios<char,struct std::char_traits<char> >::fill(void)const " (?fill@?$basic_ios@DU?$char_traits@D@std@@@std@@QEBADXZ) already defined in _xlwcppinterface.obj
msvcprtd.lib(MSVCP140D.dll) : error LNK2005: "public: char __cdecl std::basic_ios<char,struct std::char_traits<char> >::widen(char)const " (?widen@?$basic_ios@DU?$char_traits@D@std@@@std@@QEBADD@Z) already defined in _xlwcppinterface.obj
msvcprtd.lib(MSVCP140D.dll) : error LNK2005: "protected: __cdecl std::basic_ios<char,struct std::char_traits<char> >::basic_ios<char,struct std::char_traits<char> >(void)" (??0?$basic_ios@DU?$char_traits@D@std@@@std@@IEAA@XZ) already defined in _xlwcppinterface.obj
msvcprtd.lib(MSVCP140D.dll) : error LNK2005: "public: __cdecl std::basic_ostream<char,struct std::char_traits<char> >::basic_ostream<char,struct std::char_traits<char> >(class std::basic_streambuf<char,struct std::char_traits<char> > *,bool)" (??0?$basic_ostream@DU?$char_traits@D@std@@@std@@QEAA@PEAV?$basic_streambuf@DU?$char_traits@D@std@@@1@_N@Z) already defined in _xlwcppinterface.obj
msvcprtd.lib(MSVCP140D.dll) : error LNK2005: "public: virtual __cdecl std::basic_ostream<char,struct std::char_traits<char> >::~basic_ostream<char,struct std::char_traits<char> >(void)" (??1?$basic_ostream@DU?$char_traits@D@std@@@std@@UEAA@XZ) already defined in _xlwcppinterface.obj
msvcprtd.lib(MSVCP140D.dll) : error LNK2005: "public: void __cdecl std::basic_ostream<char,struct std::char_traits<char> >::_Osfx(void)" (?_Osfx@?$basic_ostream@DU?$char_traits@D@std@@@std@@QEAAXXZ) already defined in _xlwcppinterface.obj
msvcprtd.lib(MSVCP140D.dll) : error LNK2005: "public: class std::basic_ostream<char,struct std::char_traits<char> > & __cdecl std::basic_ostream<char,struct std::char_traits<char> >::operator<<(class std::basic_ostream<char,struct std::char_traits<char> > & (__cdecl*)(class std::basic_ostream<char,struct std::char_traits<char> > &))" (??6?$basic_ostream@DU?$char_traits@D@std@@@std@@QEAAAEAV01@P6AAEAV01@AEAV01@@Z@Z) already defined in _xlwcppinterface.obj
msvcprtd.lib(MSVCP140D.dll) : error LNK2005: "public: class std::basic_ostream<char,struct std::char_traits<char> > & __cdecl std::basic_ostream<char,struct std::char_traits<char> >::put(char)" (?put@?$basic_ostream@DU?$char_traits@D@std@@@std@@QEAAAEAV12@D@Z) already defined in _xlwcppinterface.obj
msvcprtd.lib(MSVCP140D.dll) : error LNK2005: "public: class std::basic_ostream<char,struct std::char_traits<char> > & __cdecl std::basic_ostream<char,struct std::char_traits<char> >::flush(void)" (?flush@?$basic_ostream@DU?$char_traits@D@std@@@std@@QEAAAEAV12@XZ) already defined in _xlwcppinterface.obj
msvcprtd.lib(MSVCP140D.dll) : error LNK2005: "public: struct _Cvtvec __cdecl std::_Locinfo::_Getcvt(void)const " (?_Getcvt@_Locinfo@std@@QEBA?AU_Cvtvec@@XZ) already defined in libcpmtd.lib(locale.obj)
msvcprtd.lib(MSVCP140D.dll) : error LNK2005: "public: char const * __cdecl std::_Locinfo::_Getdays(void)const " (?_Getdays@_Locinfo@std@@QEBAPEBDXZ) already defined in libcpmtd.lib(wlocale.obj)
msvcprtd.lib(MSVCP140D.dll) : error LNK2005: "public: char const * __cdecl std::_Locinfo::_Getmonths(void)const " (?_Getmonths@_Locinfo@std@@QEBAPEBDXZ) already defined in libcpmtd.lib(wlocale.obj)
msvcprtd.lib(MSVCP140D.dll) : error LNK2005: "public: unsigned short const * __cdecl std::_Locinfo::_W_Getdays(void)const " (?_W_Getdays@_Locinfo@std@@QEBAPEBGXZ) already defined in libcpmtd.lib(wlocale.obj)
msvcprtd.lib(MSVCP140D.dll) : error LNK2005: "public: unsigned short const * __cdecl std::_Locinfo::_W_Getmonths(void)const " (?_W_Getmonths@_Locinfo@std@@QEBAPEBGXZ) already defined in libcpmtd.lib(wlocale.obj)
msvcprtd.lib(MSVCP140D.dll) : error LNK2005: "public: __cdecl std::locale::id::operator unsigned __int64(void)" (??Bid@locale@std@@QEAA_KXZ) already defined in _xlwcppinterface.obj
msvcprtd.lib(MSVCP140D.dll) : error LNK2005: "public: bool __cdecl std::codecvt_base::always_noconv(void)const " (?always_noconv@codecvt_base@std@@QEBA_NXZ) already defined in libcpmtd.lib(cerr.obj)
msvcprtd.lib(MSVCP140D.dll) : error LNK2005: "public: int __cdecl std::codecvt<char,char,struct _Mbstatet>::in(struct _Mbstatet &,char const *,char const *,char const * &,char *,char *,char * &)const " (?in@?$codecvt@DDU_Mbstatet@@@std@@QEBAHAEAU_Mbstatet@@PEBD1AEAPEBDPEAD3AEAPEAD@Z) already defined in libcpmtd.lib(cerr.obj)
msvcprtd.lib(MSVCP140D.dll) : error LNK2005: "public: int __cdecl std::codecvt<char,char,struct _Mbstatet>::out(struct _Mbstatet &,char const *,char const *,char const * &,char *,char *,char * &)const " (?out@?$codecvt@DDU_Mbstatet@@@std@@QEBAHAEAU_Mbstatet@@PEBD1AEAPEBDPEAD3AEAPEAD@Z) already defined in libcpmtd.lib(cerr.obj)
msvcprtd.lib(MSVCP140D.dll) : error LNK2005: "public: int __cdecl std::codecvt<char,char,struct _Mbstatet>::unshift(struct _Mbstatet &,char *,char *,char * &)const " (?unshift@?$codecvt@DDU_Mbstatet@@@std@@QEBAHAEAU_Mbstatet@@PEAD1AEAPEAD@Z) already defined in libcpmtd.lib(cerr.obj)
msvcprtd.lib(MSVCP140D.dll) : error LNK2005: "public: static unsigned __int64 __cdecl std::codecvt<char,char,struct _Mbstatet>::_Getcat(class std::locale::facet const * *,class std::locale const *)" (?_Getcat@?$codecvt@DDU_Mbstatet@@@std@@SA_KPEAPEBVfacet@locale@2@PEBV42@@Z) already defined in libcpmtd.lib(cerr.obj)
msvcprtd.lib(MSVCP140D.dll) : error LNK2005: "protected: char * __cdecl std::basic_streambuf<char,struct std::char_traits<char> >::_Gndec(void)" (?_Gndec@?$basic_streambuf@DU?$char_traits@D@std@@@std@@IEAAPEADXZ) already defined in libcpmtd.lib(cerr.obj)
msvcprtd.lib(MSVCP140D.dll) : error LNK2005: "protected: char * __cdecl std::basic_streambuf<char,struct std::char_traits<char> >::_Gninc(void)" (?_Gninc@?$basic_streambuf@DU?$char_traits@D@std@@@std@@IEAAPEADXZ) already defined in _xlwcppinterface.obj
msvcprtd.lib(MSVCP140D.dll) : error LNK2005: "protected: __int64 __cdecl std::basic_streambuf<char,struct std::char_traits<char> >::_Gnavail(void)const " (?_Gnavail@?$basic_streambuf@DU?$char_traits@D@std@@@std@@IEBA_JXZ) already defined in _xlwcppinterface.obj
msvcprtd.lib(MSVCP140D.dll) : error LNK2005: "protected: void __cdecl std::basic_streambuf<char,struct std::char_traits<char> >::pbump(int)" (?pbump@?$basic_streambuf@DU?$char_traits@D@std@@@std@@IEAAXH@Z) already defined in _xlwcppinterface.obj
msvcprtd.lib(MSVCP140D.dll) : error LNK2005: "protected: __int64 __cdecl std::basic_streambuf<char,struct std::char_traits<char> >::_Pnavail(void)const " (?_Pnavail@?$basic_streambuf@DU?$char_traits@D@std@@@std@@IEBA_JXZ) already defined in _xlwcppinterface.obj
msvcprtd.lib(MSVCP140D.dll) : error LNK2005: "protected: void __cdecl std::basic_streambuf<char,struct std::char_traits<char> >::_Init(void)" (?_Init@?$basic_streambuf@DU?$char_traits@D@std@@@std@@IEAAXXZ) already defined in _xlwcppinterface.obj
msvcprtd.lib(MSVCP140D.dll) : error LNK2005: "protected: void __cdecl std::basic_streambuf<char,struct std::char_traits<char> >::_Init(char * *,char * *,int *,char * *,char * *,int *)" (?_Init@?$basic_streambuf@DU?$char_traits@D@std@@@std@@IEAAXPEAPEAD0PEAH001@Z) already defined in libcpmtd.lib(cerr.obj)
msvcprtd.lib(MSVCP140D.dll) : error LNK2005: "protected: virtual __int64 __cdecl std::basic_streambuf<char,struct std::char_traits<char> >::xsgetn(char *,__int64)" (?xsgetn@?$basic_streambuf@DU?$char_traits@D@std@@@std@@MEAA_JPEAD_J@Z) already defined in _xlwcppinterface.obj
msvcprtd.lib(MSVCP140D.dll) : error LNK2005: "protected: virtual __int64 __cdecl std::basic_streambuf<char,struct std::char_traits<char> >::xsputn(char const *,__int64)" (?xsputn@?$basic_streambuf@DU?$char_traits@D@std@@@std@@MEAA_JPEBD_J@Z) already defined in _xlwcppinterface.obj
     Creating library D:\repo\ddFunction_xll_xlw_DEV\Debug\x64\ddFunctionXLL.lib and object D:\repo\ddFunction_xll_xlw_DEV\Debug\x64\ddFunctionXLL.exp
xlw-vc143-mt-gd-23_10_12.lib(XlOpenClose.obj) : error LNK2038: mismatch detected for 'RuntimeLibrary': value 'MDd_DynamicDebug' doesn't match value 'MTd_StaticDebug' in main.obj
xlw-vc143-mt-gd-23_10_12.lib(Win32StreamBuf.obj) : error LNK2038: mismatch detected for 'RuntimeLibrary': value 'MDd_DynamicDebug' doesn't match value 'MTd_StaticDebug' in main.obj
xlw-vc143-mt-gd-23_10_12.lib(XlfServices.obj) : error LNK2038: mismatch detected for 'RuntimeLibrary': value 'MDd_DynamicDebug' doesn't match value 'MTd_StaticDebug' in main.obj
xlw-vc143-mt-gd-23_10_12.lib(PathUpdater.obj) : error LNK2038: mismatch detected for 'RuntimeLibrary': value 'MDd_DynamicDebug' doesn't match value 'MTd_StaticDebug' in main.obj
LINK : warning LNK4098: defaultlib 'MSVCRTD' conflicts with use of other libs; use /NODEFAULTLIB:library
LINK : warning LNK4217: symbol '_invalid_parameter' defined in 'libucrtd.lib(invalid_parameter.obj)' is imported by 'xlw-vc143-mt-gd-23_10_12.lib(XlfServices.obj)' in function '"public: bool __cdecl xlw::XlfOper::AsBool(char const *,int *)const " (?AsBool@XlfOper@xlw@@QEBA_NPEBDPEAH@Z)'
LINK : warning LNK4286: symbol '_invalid_parameter' defined in 'libucrtd.lib(invalid_parameter.obj)' is imported by 'xlw-vc143-mt-gd-23_10_12.lib(PathUpdater.obj)'
LINK : warning LNK4286: symbol '_invalid_parameter' defined in 'libucrtd.lib(invalid_parameter.obj)' is imported by 'xlw-vc143-mt-gd-23_10_12.lib(XlfAbstractCmdDesc.obj)'
LINK : warning LNK4286: symbol '_invalid_parameter' defined in 'libucrtd.lib(invalid_parameter.obj)' is imported by 'xlw-vc143-mt-gd-23_10_12.lib(XlfFuncDesc.obj)'
LINK : warning LNK4286: symbol '_invalid_parameter' defined in 'libucrtd.lib(invalid_parameter.obj)' is imported by 'xlw-vc143-mt-gd-23_10_12.lib(XlfCmdDesc.obj)'
LINK : warning LNK4286: symbol '_invalid_parameter' defined in 'libucrtd.lib(invalid_parameter.obj)' is imported by 'xlw-vc143-mt-gd-23_10_12.lib(XlOpenClose.obj)'
LINK : warning LNK4286: symbol '_invalid_parameter' defined in 'libucrtd.lib(invalid_parameter.obj)' is imported by 'xlw-vc143-mt-gd-23_10_12.lib(XlFunctionRegistration.obj)'
LINK : warning LNK4286: symbol '_invalid_parameter' defined in 'libucrtd.lib(invalid_parameter.obj)' is imported by 'xlw-vc143-mt-gd-23_10_12.lib(XlfOperImpl.obj)'
LINK : warning LNK4286: symbol '_invalid_parameter' defined in 'libucrtd.lib(invalid_parameter.obj)' is imported by 'xlw-vc143-mt-gd-23_10_12.lib(XlfArgDesc.obj)'
LINK : warning LNK4286: symbol '_invalid_parameter' defined in 'libucrtd.lib(invalid_parameter.obj)' is imported by 'xlw-vc143-mt-gd-23_10_12.lib(XlfArgDescList.obj)'
LINK : warning LNK4217: symbol '_invalid_parameter' defined in 'libucrtd.lib(invalid_parameter.obj)' is imported by 'xlw-vc143-mt-gd-23_10_12.lib(NCmatrices.obj)' in function '"void * __cdecl std::_Allocate_manually_vector_aligned<struct std::_Default_allocate_traits>(unsigned __int64)" (??$_Allocate_manually_vector_aligned@U_Default_allocate_traits@std@@@std@@YAPEAX_K@Z)'
LINK : warning LNK4286: symbol '_invalid_parameter' defined in 'libucrtd.lib(invalid_parameter.obj)' is imported by 'xlw-vc143-mt-gd-23_10_12.lib(TempMemory.obj)'
LINK : warning LNK4286: symbol '_invalid_parameter' defined in 'libucrtd.lib(invalid_parameter.obj)' is imported by 'xlw-vc143-mt-gd-23_10_12.lib(XlfExcel.obj)'
LINK : warning LNK4286: symbol '_invalid_parameter' defined in 'libucrtd.lib(invalid_parameter.obj)' is imported by 'xlw-vc143-mt-gd-23_10_12.lib(PascalStringConversions.obj)'
LINK : warning LNK4217: symbol '_CrtDbgReport' defined in 'libucrtd.lib(dbgrpt.obj)' is imported by 'xlw-vc143-mt-gd-23_10_12.lib(XlfServices.obj)' in function '"public: bool __cdecl xlw::XlfOper::AsBool(char const *,int *)const " (?AsBool@XlfOper@xlw@@QEBA_NPEBDPEAH@Z)'
LINK : warning LNK4286: symbol '_CrtDbgReport' defined in 'libucrtd.lib(dbgrpt.obj)' is imported by 'xlw-vc143-mt-gd-23_10_12.lib(PathUpdater.obj)'
LINK : warning LNK4286: symbol '_CrtDbgReport' defined in 'libucrtd.lib(dbgrpt.obj)' is imported by 'xlw-vc143-mt-gd-23_10_12.lib(XlfAbstractCmdDesc.obj)'
LINK : warning LNK4286: symbol '_CrtDbgReport' defined in 'libucrtd.lib(dbgrpt.obj)' is imported by 'xlw-vc143-mt-gd-23_10_12.lib(XlfFuncDesc.obj)'
LINK : warning LNK4286: symbol '_CrtDbgReport' defined in 'libucrtd.lib(dbgrpt.obj)' is imported by 'xlw-vc143-mt-gd-23_10_12.lib(XlfCmdDesc.obj)'
LINK : warning LNK4286: symbol '_CrtDbgReport' defined in 'libucrtd.lib(dbgrpt.obj)' is imported by 'xlw-vc143-mt-gd-23_10_12.lib(XlOpenClose.obj)'
LINK : warning LNK4286: symbol '_CrtDbgReport' defined in 'libucrtd.lib(dbgrpt.obj)' is imported by 'xlw-vc143-mt-gd-23_10_12.lib(XlFunctionRegistration.obj)'
LINK : warning LNK4286: symbol '_CrtDbgReport' defined in 'libucrtd.lib(dbgrpt.obj)' is imported by 'xlw-vc143-mt-gd-23_10_12.lib(XlfOperImpl.obj)'
LINK : warning LNK4286: symbol '_CrtDbgReport' defined in 'libucrtd.lib(dbgrpt.obj)' is imported by 'xlw-vc143-mt-gd-23_10_12.lib(XlfArgDesc.obj)'
LINK : warning LNK4286: symbol '_CrtDbgReport' defined in 'libucrtd.lib(dbgrpt.obj)' is imported by 'xlw-vc143-mt-gd-23_10_12.lib(XlfArgDescList.obj)'
LINK : warning LNK4217: symbol '_CrtDbgReport' defined in 'libucrtd.lib(dbgrpt.obj)' is imported by 'xlw-vc143-mt-gd-23_10_12.lib(NCmatrices.obj)' in function '"void * __cdecl std::_Allocate_manually_vector_aligned<struct std::_Default_allocate_traits>(unsigned __int64)" (??$_Allocate_manually_vector_aligned@U_Default_allocate_traits@std@@@std@@YAPEAX_K@Z)'
LINK : warning LNK4286: symbol '_CrtDbgReport' defined in 'libucrtd.lib(dbgrpt.obj)' is imported by 'xlw-vc143-mt-gd-23_10_12.lib(TempMemory.obj)'
LINK : warning LNK4286: symbol '_CrtDbgReport' defined in 'libucrtd.lib(dbgrpt.obj)' is imported by 'xlw-vc143-mt-gd-23_10_12.lib(XlfExcel.obj)'
LINK : warning LNK4286: symbol '_CrtDbgReport' defined in 'libucrtd.lib(dbgrpt.obj)' is imported by 'xlw-vc143-mt-gd-23_10_12.lib(PascalStringConversions.obj)'
LINK : warning LNK4217: symbol '_wtoi' defined in 'libucrtd.lib(atox.obj)' is imported by 'xlw-vc143-mt-gd-23_10_12.lib(XlfExcel.obj)' in function '"int __cdecl get_excel_version(void)" (?get_excel_version@@YAHXZ)'
LINK : warning LNK4217: symbol '_calloc_dbg' defined in 'libucrtd.lib(debug_heap.obj)' is imported by 'xlw-vc143-mt-gd-23_10_12.lib(PascalStringConversions.obj)' in function '"char * __cdecl std::_Maklocstr<char>(char const *,char *,struct _Cvtvec const &)" (??$_Maklocstr@D@std@@YAPEADPEBDPEADAEBU_Cvtvec@@@Z)'
LINK : warning LNK4217: symbol 'wcslen' defined in 'libucrtd.lib(strnlen.obj)' is imported by 'xlw-vc143-mt-gd-23_10_12.lib(PascalStringConversions.obj)' in function '"wchar_t * __cdecl std::_Maklocwcs(wchar_t const *)" (?_Maklocwcs@std@@YAPEA_WPEB_W@Z)'
LINK : warning LNK4217: symbol 'toupper' defined in 'libucrtd.lib(tolower_toupper.obj)' is imported by 'xlw-vc143-mt-gd-23_10_12.lib(PascalStringConversions.obj)' in function '"public: static void __cdecl xlw::StringUtilities::makeUpper(class std::basic_string<char,struct std::char_traits<char>,class std::allocator<char> > &)" (?makeUpper@StringUtilities@xlw@@SAXAEAV?$basic_string@DU?$char_traits@D@std@@V?$allocator@D@2@@std@@@Z)'
LINK : warning LNK4217: symbol 'tolower' defined in 'libucrtd.lib(tolower_toupper.obj)' is imported by 'xlw-vc143-mt-gd-23_10_12.lib(PascalStringConversions.obj)' in function '"public: static void __cdecl xlw::StringUtilities::makeLower(class std::basic_string<char,struct std::char_traits<char>,class std::allocator<char> > &)" (?makeLower@StringUtilities@xlw@@SAXAEAV?$basic_string@DU?$char_traits@D@std@@V?$allocator@D@2@@std@@@Z)'
LINK : warning LNK4217: symbol '_get_stream_buffer_pointers' defined in 'libucrtd.lib(_file.obj)' is imported by 'xlw-vc143-mt-gd-23_10_12.lib(XlFunctionRegistration.obj)' in function '"protected: void __cdecl std::basic_filebuf<char,struct std::char_traits<char> >::_Init(struct _iobuf *,enum std::basic_filebuf<char,struct std::char_traits<char> >::_Initfl)" (?_Init@?$basic_filebuf@DU?$char_traits@D@std@@@std@@IEAAXPEAU_iobuf@@W4_Initfl@12@@Z)'
LINK : warning LNK4286: symbol '_get_stream_buffer_pointers' defined in 'libucrtd.lib(_file.obj)' is imported by 'xlw-vc143-mt-gd-23_10_12.lib(XlfAbstractCmdDesc.obj)'
LINK : warning LNK4217: symbol 'fclose' defined in 'libucrtd.lib(fclose.obj)' is imported by 'xlw-vc143-mt-gd-23_10_12.lib(XlFunctionRegistration.obj)' in function '"public: class std::basic_filebuf<char,struct std::char_traits<char> > * __cdecl std::basic_filebuf<char,struct std::char_traits<char> >::close(void)" (?close@?$basic_filebuf@DU?$char_traits@D@std@@@std@@QEAAPEAV12@XZ)'
LINK : warning LNK4286: symbol 'fclose' defined in 'libucrtd.lib(fclose.obj)' is imported by 'xlw-vc143-mt-gd-23_10_12.lib(XlfAbstractCmdDesc.obj)'
LINK : warning LNK4217: symbol 'fflush' defined in 'libucrtd.lib(fflush.obj)' is imported by 'xlw-vc143-mt-gd-23_10_12.lib(XlFunctionRegistration.obj)' in function '"protected: virtual int __cdecl std::basic_filebuf<char,struct std::char_traits<char> >::sync(void)" (?sync@?$basic_filebuf@DU?$char_traits@D@std@@@std@@MEAAHXZ)'
LINK : warning LNK4286: symbol 'fflush' defined in 'libucrtd.lib(fflush.obj)' is imported by 'xlw-vc143-mt-gd-23_10_12.lib(XlfAbstractCmdDesc.obj)'
LINK : warning LNK4217: symbol 'fgetc' defined in 'libucrtd.lib(fgetc.obj)' is imported by 'xlw-vc143-mt-gd-23_10_12.lib(XlFunctionRegistration.obj)' in function '"bool __cdecl std::_Fgetc<char>(char &,struct _iobuf *)" (??$_Fgetc@D@std@@YA_NAEADPEAU_iobuf@@@Z)'
LINK : warning LNK4286: symbol 'fgetc' defined in 'libucrtd.lib(fgetc.obj)' is imported by 'xlw-vc143-mt-gd-23_10_12.lib(XlfAbstractCmdDesc.obj)'
LINK : warning LNK4217: symbol 'fgetpos' defined in 'libucrtd.lib(fgetpos.obj)' is imported by 'xlw-vc143-mt-gd-23_10_12.lib(XlFunctionRegistration.obj)' in function '"protected: virtual class std::fpos<struct _Mbstatet> __cdecl std::basic_filebuf<char,struct std::char_traits<char> >::seekoff(__int64,int,int)" (?seekoff@?$basic_filebuf@DU?$char_traits@D@std@@@std@@MEAA?AV?$fpos@U_Mbstatet@@@2@_JHH@Z)'
LINK : warning LNK4286: symbol 'fgetpos' defined in 'libucrtd.lib(fgetpos.obj)' is imported by 'xlw-vc143-mt-gd-23_10_12.lib(XlfAbstractCmdDesc.obj)'
LINK : warning LNK4217: symbol 'fputc' defined in 'libucrtd.lib(fputc.obj)' is imported by 'xlw-vc143-mt-gd-23_10_12.lib(XlFunctionRegistration.obj)' in function '"bool __cdecl std::_Fputc<char>(char,struct _iobuf *)" (??$_Fputc@D@std@@YA_NDPEAU_iobuf@@@Z)'
LINK : warning LNK4286: symbol 'fputc' defined in 'libucrtd.lib(fputc.obj)' is imported by 'xlw-vc143-mt-gd-23_10_12.lib(XlfAbstractCmdDesc.obj)'
LINK : warning LNK4217: symbol 'fread' defined in 'libucrtd.lib(fread.obj)' is imported by 'xlw-vc143-mt-gd-23_10_12.lib(XlFunctionRegistration.obj)' in function '"protected: virtual __int64 __cdecl std::basic_filebuf<char,struct std::char_traits<char> >::xsgetn(char *,__int64)" (?xsgetn@?$basic_filebuf@DU?$char_traits@D@std@@@std@@MEAA_JPEAD_J@Z)'
LINK : warning LNK4286: symbol 'fread' defined in 'libucrtd.lib(fread.obj)' is imported by 'xlw-vc143-mt-gd-23_10_12.lib(XlfAbstractCmdDesc.obj)'
LINK : warning LNK4217: symbol 'fsetpos' defined in 'libucrtd.lib(fsetpos.obj)' is imported by 'xlw-vc143-mt-gd-23_10_12.lib(XlFunctionRegistration.obj)' in function '"protected: virtual class std::fpos<struct _Mbstatet> __cdecl std::basic_filebuf<char,struct std::char_traits<char> >::seekpos(class std::fpos<struct _Mbstatet>,int)" (?seekpos@?$basic_filebuf@DU?$char_traits@D@std@@@std@@MEAA?AV?$fpos@U_Mbstatet@@@2@V32@H@Z)'
LINK : warning LNK4286: symbol 'fsetpos' defined in 'libucrtd.lib(fsetpos.obj)' is imported by 'xlw-vc143-mt-gd-23_10_12.lib(XlfAbstractCmdDesc.obj)'
LINK : warning LNK4217: symbol '_fseeki64' defined in 'libucrtd.lib(fseek.obj)' is imported by 'xlw-vc143-mt-gd-23_10_12.lib(XlFunctionRegistration.obj)' in function '"protected: virtual class std::fpos<struct _Mbstatet> __cdecl std::basic_filebuf<char,struct std::char_traits<char> >::seekoff(__int64,int,int)" (?seekoff@?$basic_filebuf@DU?$char_traits@D@std@@@std@@MEAA?AV?$fpos@U_Mbstatet@@@2@_JHH@Z)'
LINK : warning LNK4286: symbol '_fseeki64' defined in 'libucrtd.lib(fseek.obj)' is imported by 'xlw-vc143-mt-gd-23_10_12.lib(XlfAbstractCmdDesc.obj)'
LINK : warning LNK4217: symbol 'fwrite' defined in 'libucrtd.lib(fwrite.obj)' is imported by 'xlw-vc143-mt-gd-23_10_12.lib(XlFunctionRegistration.obj)' in function '"protected: bool __cdecl std::basic_filebuf<char,struct std::char_traits<char> >::_Endwrite(void)" (?_Endwrite@?$basic_filebuf@DU?$char_traits@D@std@@@std@@IEAA_NXZ)'
LINK : warning LNK4286: symbol 'fwrite' defined in 'libucrtd.lib(fwrite.obj)' is imported by 'xlw-vc143-mt-gd-23_10_12.lib(XlfAbstractCmdDesc.obj)'
LINK : warning LNK4217: symbol 'setvbuf' defined in 'libucrtd.lib(setvbuf.obj)' is imported by 'xlw-vc143-mt-gd-23_10_12.lib(XlFunctionRegistration.obj)' in function '"protected: virtual class std::basic_streambuf<char,struct std::char_traits<char> > * __cdecl std::basic_filebuf<char,struct std::char_traits<char> >::setbuf(char *,__int64)" (?setbuf@?$basic_filebuf@DU?$char_traits@D@std@@@std@@MEAAPEAV?$basic_streambuf@DU?$char_traits@D@std@@@2@PEAD_J@Z)'
LINK : warning LNK4286: symbol 'setvbuf' defined in 'libucrtd.lib(setvbuf.obj)' is imported by 'xlw-vc143-mt-gd-23_10_12.lib(XlfAbstractCmdDesc.obj)'
LINK : warning LNK4217: symbol 'ungetc' defined in 'libucrtd.lib(ungetc.obj)' is imported by 'xlw-vc143-mt-gd-23_10_12.lib(XlFunctionRegistration.obj)' in function '"bool __cdecl std::_Ungetc<char>(char const &,struct _iobuf *)" (??$_Ungetc@D@std@@YA_NAEBDPEAU_iobuf@@@Z)'
LINK : warning LNK4286: symbol 'ungetc' defined in 'libucrtd.lib(ungetc.obj)' is imported by 'xlw-vc143-mt-gd-23_10_12.lib(XlfAbstractCmdDesc.obj)'
LINK : warning LNK4217: symbol '_lock_file' defined in 'libucrtd.lib(_file.obj)' is imported by 'xlw-vc143-mt-gd-23_10_12.lib(XlFunctionRegistration.obj)' in function '"public: virtual void __cdecl std::basic_filebuf<char,struct std::char_traits<char> >::_Lock(void)" (?_Lock@?$basic_filebuf@DU?$char_traits@D@std@@@std@@UEAAXXZ)'
LINK : warning LNK4286: symbol '_lock_file' defined in 'libucrtd.lib(_file.obj)' is imported by 'xlw-vc143-mt-gd-23_10_12.lib(XlfAbstractCmdDesc.obj)'
LINK : warning LNK4217: symbol '_unlock_file' defined in 'libucrtd.lib(_file.obj)' is imported by 'xlw-vc143-mt-gd-23_10_12.lib(XlFunctionRegistration.obj)' in function '"public: virtual void __cdecl std::basic_filebuf<char,struct std::char_traits<char> >::_Unlock(void)" (?_Unlock@?$basic_filebuf@DU?$char_traits@D@std@@@std@@UEAAXXZ)'
LINK : warning LNK4286: symbol '_unlock_file' defined in 'libucrtd.lib(_file.obj)' is imported by 'xlw-vc143-mt-gd-23_10_12.lib(XlfAbstractCmdDesc.obj)'
xlw-vc143-mt-gd-23_10_12.lib(XlfExcel.obj) : error LNK2019: unresolved external symbol __imp__wassert referenced in function "public: int __cdecl xlw::XlfExcel::Call12(int,struct xloper12 *,int)const " (?Call12@XlfExcel@xlw@@QEBAHHPEAUxloper12@@H@Z)
xlw-vc143-mt-gd-23_10_12.lib(PascalStringConversions.obj) : error LNK2019: unresolved external symbol __imp_wcsncpy referenced in function "public: static wchar_t * __cdecl xlw::PascalStringConversions::WStringToWPascalString(class std::basic_string<wchar_t,struct std::char_traits<wchar_t>,class std::allocator<wchar_t> > const &)" (?WStringToWPascalString@PascalStringConversions@xlw@@SAPEA_WAEBV?$basic_string@_WU?$char_traits@_W@std@@V?$allocator@_W@2@@std@@@Z)
xlw-vc143-mt-gd-23_10_12.lib(PascalStringConversions.obj) : error LNK2019: unresolved external symbol __imp_strncpy referenced in function "public: static char * __cdecl xlw::PascalStringConversions::StringToPascalString(class std::basic_string<char,struct std::char_traits<char>,class std::allocator<char> > const &)" (?StringToPascalString@PascalStringConversions@xlw@@SAPEADAEBV?$basic_string@DU?$char_traits@D@std@@V?$allocator@D@2@@std@@@Z)
D:\repo\ddFunction_xll_xlw_DEV\Debug\x64\ddFunctionXLL.xll : fatal error LNK1120: 3 unresolved externals
